INFO:root:batch size is 16
INFO:root:max embedding lengtth is 128
INFO:root:======== Epoch 1 / 1 ========
INFO:root:Training...
INFO:numexpr.utils:NumExpr defaulting to 8 threads.
INFO:root:batch size is 16
INFO:root:max embedding lengtth is 128
INFO:root:======== Epoch 1 / 1 ========
INFO:root:Training...
INFO:root:  Batch    40  of  5,000.    Elapsed: 0:00:02.
INFO:root:  Batch    80  of  5,000.    Elapsed: 0:00:03.
INFO:root:  Batch   120  of  5,000.    Elapsed: 0:00:05.
INFO:root:  Batch   160  of  5,000.    Elapsed: 0:00:06.
INFO:root:  Batch   200  of  5,000.    Elapsed: 0:00:08.
INFO:root:  Batch   240  of  5,000.    Elapsed: 0:00:10.
INFO:root:  Batch   280  of  5,000.    Elapsed: 0:00:11.
INFO:root:  Batch   320  of  5,000.    Elapsed: 0:00:13.
INFO:root:  Batch   360  of  5,000.    Elapsed: 0:00:14.
INFO:root:  Batch   400  of  5,000.    Elapsed: 0:00:16.
INFO:root:  Batch   440  of  5,000.    Elapsed: 0:00:18.
INFO:root:  Batch   480  of  5,000.    Elapsed: 0:00:19.
INFO:root:  Batch   520  of  5,000.    Elapsed: 0:00:21.
INFO:root:  Batch   560  of  5,000.    Elapsed: 0:00:22.
INFO:root:  Batch   600  of  5,000.    Elapsed: 0:00:24.
INFO:root:  Batch   640  of  5,000.    Elapsed: 0:00:26.
INFO:root:  Batch   680  of  5,000.    Elapsed: 0:00:27.
INFO:root:  Batch   720  of  5,000.    Elapsed: 0:00:29.
INFO:root:  Batch   760  of  5,000.    Elapsed: 0:00:30.
INFO:root:  Batch   800  of  5,000.    Elapsed: 0:00:32.
INFO:root:  Batch   840  of  5,000.    Elapsed: 0:00:34.
INFO:root:  Batch   880  of  5,000.    Elapsed: 0:00:35.
INFO:root:  Batch   920  of  5,000.    Elapsed: 0:00:37.
INFO:root:  Batch   960  of  5,000.    Elapsed: 0:00:38.
INFO:root:  Batch 1,000  of  5,000.    Elapsed: 0:00:40.
INFO:root:  Batch 1,040  of  5,000.    Elapsed: 0:00:42.
INFO:root:  Batch 1,080  of  5,000.    Elapsed: 0:00:43.
INFO:root:  Batch 1,120  of  5,000.    Elapsed: 0:00:45.
INFO:root:  Batch 1,160  of  5,000.    Elapsed: 0:00:46.
INFO:root:  Batch 1,200  of  5,000.    Elapsed: 0:00:48.
INFO:root:  Batch 1,240  of  5,000.    Elapsed: 0:00:50.
INFO:root:  Batch 1,280  of  5,000.    Elapsed: 0:00:51.
INFO:root:  Batch 1,320  of  5,000.    Elapsed: 0:00:53.
INFO:root:  Batch 1,360  of  5,000.    Elapsed: 0:00:54.
INFO:root:  Batch 1,400  of  5,000.    Elapsed: 0:00:56.
INFO:root:  Batch 1,440  of  5,000.    Elapsed: 0:00:58.
INFO:root:  Batch 1,480  of  5,000.    Elapsed: 0:00:59.
INFO:root:  Batch 1,520  of  5,000.    Elapsed: 0:01:01.
INFO:root:  Batch 1,560  of  5,000.    Elapsed: 0:01:02.
INFO:root:  Batch 1,600  of  5,000.    Elapsed: 0:01:04.
INFO:root:  Batch 1,640  of  5,000.    Elapsed: 0:01:06.
INFO:root:  Batch 1,680  of  5,000.    Elapsed: 0:01:07.
INFO:root:  Batch 1,720  of  5,000.    Elapsed: 0:01:09.
INFO:root:  Batch 1,760  of  5,000.    Elapsed: 0:01:10.
INFO:root:  Batch 1,800  of  5,000.    Elapsed: 0:01:12.
INFO:root:  Batch 1,840  of  5,000.    Elapsed: 0:01:14.
INFO:root:  Batch 1,880  of  5,000.    Elapsed: 0:01:15.
INFO:root:  Batch 1,920  of  5,000.    Elapsed: 0:01:17.
INFO:root:  Batch 1,960  of  5,000.    Elapsed: 0:01:18.
INFO:root:  Batch 2,000  of  5,000.    Elapsed: 0:01:20.
INFO:root:  Batch 2,040  of  5,000.    Elapsed: 0:01:22.
INFO:root:  Batch 2,080  of  5,000.    Elapsed: 0:01:23.
INFO:root:  Batch 2,120  of  5,000.    Elapsed: 0:01:25.
INFO:root:  Batch 2,160  of  5,000.    Elapsed: 0:01:26.
INFO:root:  Batch 2,200  of  5,000.    Elapsed: 0:01:28.
INFO:root:  Batch 2,240  of  5,000.    Elapsed: 0:01:30.
INFO:root:  Batch 2,280  of  5,000.    Elapsed: 0:01:31.
INFO:root:  Batch 2,320  of  5,000.    Elapsed: 0:01:33.
INFO:root:  Batch 2,360  of  5,000.    Elapsed: 0:01:35.
INFO:root:  Batch 2,400  of  5,000.    Elapsed: 0:01:36.
INFO:root:  Batch 2,440  of  5,000.    Elapsed: 0:01:38.
INFO:root:  Batch 2,480  of  5,000.    Elapsed: 0:01:39.
INFO:root:  Batch 2,520  of  5,000.    Elapsed: 0:01:41.
INFO:root:  Batch 2,560  of  5,000.    Elapsed: 0:01:43.
INFO:root:  Batch 2,600  of  5,000.    Elapsed: 0:01:44.
INFO:root:  Batch 2,640  of  5,000.    Elapsed: 0:01:46.
INFO:root:  Batch 2,680  of  5,000.    Elapsed: 0:01:47.
INFO:root:  Batch 2,720  of  5,000.    Elapsed: 0:01:49.
INFO:root:  Batch 2,760  of  5,000.    Elapsed: 0:01:51.
INFO:root:  Batch 2,800  of  5,000.    Elapsed: 0:01:52.
INFO:root:  Batch 2,840  of  5,000.    Elapsed: 0:01:54.
INFO:root:  Batch 2,880  of  5,000.    Elapsed: 0:01:55.
INFO:root:  Batch 2,920  of  5,000.    Elapsed: 0:01:57.
INFO:root:  Batch 2,960  of  5,000.    Elapsed: 0:01:59.
INFO:root:  Batch 3,000  of  5,000.    Elapsed: 0:02:00.
INFO:root:  Batch 3,040  of  5,000.    Elapsed: 0:02:02.
INFO:root:  Batch 3,080  of  5,000.    Elapsed: 0:02:03.
INFO:root:  Batch 3,120  of  5,000.    Elapsed: 0:02:05.
INFO:root:  Batch 3,160  of  5,000.    Elapsed: 0:02:07.
INFO:root:  Batch 3,200  of  5,000.    Elapsed: 0:02:08.
INFO:root:  Batch 3,240  of  5,000.    Elapsed: 0:02:10.
INFO:root:  Batch 3,280  of  5,000.    Elapsed: 0:02:12.
INFO:root:  Batch 3,320  of  5,000.    Elapsed: 0:02:13.
INFO:root:  Batch 3,360  of  5,000.    Elapsed: 0:02:15.
INFO:root:  Batch 3,400  of  5,000.    Elapsed: 0:02:16.
INFO:root:  Batch 3,440  of  5,000.    Elapsed: 0:02:18.
INFO:root:  Batch 3,480  of  5,000.    Elapsed: 0:02:20.
INFO:root:  Batch 3,520  of  5,000.    Elapsed: 0:02:21.
INFO:root:  Batch 3,560  of  5,000.    Elapsed: 0:02:23.
INFO:root:  Batch 3,600  of  5,000.    Elapsed: 0:02:24.
INFO:root:  Batch 3,640  of  5,000.    Elapsed: 0:02:26.
INFO:root:  Batch 3,680  of  5,000.    Elapsed: 0:02:28.
INFO:root:  Batch 3,720  of  5,000.    Elapsed: 0:02:29.
INFO:root:  Batch 3,760  of  5,000.    Elapsed: 0:02:31.
INFO:root:  Batch 3,800  of  5,000.    Elapsed: 0:02:32.
INFO:root:  Batch 3,840  of  5,000.    Elapsed: 0:02:34.
INFO:root:  Batch 3,880  of  5,000.    Elapsed: 0:02:36.
INFO:root:  Batch 3,920  of  5,000.    Elapsed: 0:02:37.
INFO:root:  Batch 3,960  of  5,000.    Elapsed: 0:02:39.
INFO:root:  Batch 4,000  of  5,000.    Elapsed: 0:02:40.
INFO:root:  Batch 4,040  of  5,000.    Elapsed: 0:02:42.
INFO:root:  Batch 4,080  of  5,000.    Elapsed: 0:02:44.
INFO:root:  Batch 4,120  of  5,000.    Elapsed: 0:02:45.
INFO:root:  Batch 4,160  of  5,000.    Elapsed: 0:02:47.
INFO:root:  Batch 4,200  of  5,000.    Elapsed: 0:02:48.
INFO:root:  Batch 4,240  of  5,000.    Elapsed: 0:02:50.
INFO:root:  Batch 4,280  of  5,000.    Elapsed: 0:02:52.
INFO:root:  Batch 4,320  of  5,000.    Elapsed: 0:02:53.
INFO:root:  Batch 4,360  of  5,000.    Elapsed: 0:02:55.
INFO:root:  Batch 4,400  of  5,000.    Elapsed: 0:02:57.
INFO:root:  Batch 4,440  of  5,000.    Elapsed: 0:02:58.
INFO:root:  Batch 4,480  of  5,000.    Elapsed: 0:03:00.
INFO:root:  Batch 4,520  of  5,000.    Elapsed: 0:03:01.
INFO:root:  Batch 4,560  of  5,000.    Elapsed: 0:03:03.
INFO:root:  Batch 4,600  of  5,000.    Elapsed: 0:03:05.
INFO:root:  Batch 4,640  of  5,000.    Elapsed: 0:03:06.
INFO:root:  Batch 4,680  of  5,000.    Elapsed: 0:03:08.
INFO:root:  Batch 4,720  of  5,000.    Elapsed: 0:03:09.
INFO:root:  Batch 4,760  of  5,000.    Elapsed: 0:03:11.
INFO:root:  Batch 4,800  of  5,000.    Elapsed: 0:03:13.
INFO:root:  Batch 4,840  of  5,000.    Elapsed: 0:03:14.
INFO:root:  Batch 4,880  of  5,000.    Elapsed: 0:03:16.
INFO:root:  Batch 4,920  of  5,000.    Elapsed: 0:03:17.
INFO:root:  Batch 4,960  of  5,000.    Elapsed: 0:03:19.
INFO:root:
INFO:root:  Average training loss: 0.40
INFO:root:  Training epcoh took: 0:03:21
INFO:root:
INFO:root:Running Validation...
INFO:root:  Accuracy: 0.91
INFO:root:  Validation took: 0:00:05
INFO:root:
INFO:root:Training complete!
INFO:root:batch size is 16
INFO:root:max embedding lengtth is 128
INFO:root:======== Epoch 1 / 1 ========
INFO:root:Training...
INFO:root:  Batch    40  of  5,000.    Elapsed: 0:00:04.
INFO:root:  Batch    80  of  5,000.    Elapsed: 0:00:06.
INFO:root:  Batch   120  of  5,000.    Elapsed: 0:00:07.
INFO:root:  Batch   160  of  5,000.    Elapsed: 0:00:09.
INFO:root:  Batch   200  of  5,000.    Elapsed: 0:00:10.
INFO:root:  Batch   240  of  5,000.    Elapsed: 0:00:12.
INFO:root:  Batch   280  of  5,000.    Elapsed: 0:00:14.
INFO:root:  Batch   320  of  5,000.    Elapsed: 0:00:15.
INFO:root:  Batch   360  of  5,000.    Elapsed: 0:00:17.
INFO:root:  Batch   400  of  5,000.    Elapsed: 0:00:18.
INFO:root:  Batch   440  of  5,000.    Elapsed: 0:00:20.
INFO:root:  Batch   480  of  5,000.    Elapsed: 0:00:22.
INFO:root:  Batch   520  of  5,000.    Elapsed: 0:00:23.
INFO:root:  Batch   560  of  5,000.    Elapsed: 0:00:25.
INFO:root:  Batch   600  of  5,000.    Elapsed: 0:00:26.
INFO:root:  Batch   640  of  5,000.    Elapsed: 0:00:28.
INFO:root:  Batch   680  of  5,000.    Elapsed: 0:00:30.
INFO:root:  Batch   720  of  5,000.    Elapsed: 0:00:31.
INFO:root:  Batch   760  of  5,000.    Elapsed: 0:00:33.
INFO:root:  Batch   800  of  5,000.    Elapsed: 0:00:34.
INFO:root:  Batch   840  of  5,000.    Elapsed: 0:00:36.
INFO:root:  Batch   880  of  5,000.    Elapsed: 0:00:38.
INFO:root:  Batch   920  of  5,000.    Elapsed: 0:00:39.
INFO:root:  Batch   960  of  5,000.    Elapsed: 0:00:41.
INFO:root:  Batch 1,000  of  5,000.    Elapsed: 0:00:42.
INFO:root:  Batch 1,040  of  5,000.    Elapsed: 0:00:44.
INFO:root:  Batch 1,080  of  5,000.    Elapsed: 0:00:46.
INFO:root:  Batch 1,120  of  5,000.    Elapsed: 0:00:47.
INFO:root:  Batch 1,160  of  5,000.    Elapsed: 0:00:49.
INFO:root:  Batch 1,200  of  5,000.    Elapsed: 0:00:50.
INFO:root:  Batch 1,240  of  5,000.    Elapsed: 0:00:52.
INFO:root:  Batch 1,280  of  5,000.    Elapsed: 0:00:54.
INFO:root:  Batch 1,320  of  5,000.    Elapsed: 0:00:55.
INFO:root:  Batch 1,360  of  5,000.    Elapsed: 0:00:57.
INFO:root:  Batch 1,400  of  5,000.    Elapsed: 0:00:58.
INFO:root:  Batch 1,440  of  5,000.    Elapsed: 0:01:00.
INFO:root:  Batch 1,480  of  5,000.    Elapsed: 0:01:01.
INFO:root:  Batch 1,520  of  5,000.    Elapsed: 0:01:03.
INFO:root:  Batch 1,560  of  5,000.    Elapsed: 0:01:05.
INFO:root:  Batch 1,600  of  5,000.    Elapsed: 0:01:06.
INFO:root:  Batch 1,640  of  5,000.    Elapsed: 0:01:08.
INFO:root:  Batch 1,680  of  5,000.    Elapsed: 0:01:10.
INFO:root:  Batch 1,720  of  5,000.    Elapsed: 0:01:11.
INFO:root:  Batch 1,760  of  5,000.    Elapsed: 0:01:13.
INFO:root:  Batch 1,800  of  5,000.    Elapsed: 0:01:14.
INFO:root:  Batch 1,840  of  5,000.    Elapsed: 0:01:16.
INFO:root:  Batch 1,880  of  5,000.    Elapsed: 0:01:18.
INFO:root:  Batch 1,920  of  5,000.    Elapsed: 0:01:19.
INFO:root:  Batch 1,960  of  5,000.    Elapsed: 0:01:21.
INFO:root:  Batch 2,000  of  5,000.    Elapsed: 0:01:22.
INFO:root:  Batch 2,040  of  5,000.    Elapsed: 0:01:24.
INFO:root:  Batch 2,080  of  5,000.    Elapsed: 0:01:26.
INFO:root:  Batch 2,120  of  5,000.    Elapsed: 0:01:27.
INFO:root:  Batch 2,160  of  5,000.    Elapsed: 0:01:29.
INFO:root:  Batch 2,200  of  5,000.    Elapsed: 0:01:30.
INFO:root:  Batch 2,240  of  5,000.    Elapsed: 0:01:32.
INFO:root:  Batch 2,280  of  5,000.    Elapsed: 0:01:34.
INFO:root:  Batch 2,320  of  5,000.    Elapsed: 0:01:35.
INFO:root:  Batch 2,360  of  5,000.    Elapsed: 0:01:37.
INFO:root:  Batch 2,400  of  5,000.    Elapsed: 0:01:38.
INFO:root:  Batch 2,440  of  5,000.    Elapsed: 0:01:40.
INFO:root:  Batch 2,480  of  5,000.    Elapsed: 0:01:42.
INFO:root:  Batch 2,520  of  5,000.    Elapsed: 0:01:43.
INFO:root:  Batch 2,560  of  5,000.    Elapsed: 0:01:45.
INFO:root:  Batch 2,600  of  5,000.    Elapsed: 0:01:47.
INFO:root:  Batch 2,640  of  5,000.    Elapsed: 0:01:48.
INFO:root:  Batch 2,680  of  5,000.    Elapsed: 0:01:50.
INFO:root:  Batch 2,720  of  5,000.    Elapsed: 0:01:51.
INFO:root:  Batch 2,760  of  5,000.    Elapsed: 0:01:53.
INFO:root:  Batch 2,800  of  5,000.    Elapsed: 0:01:55.
INFO:root:  Batch 2,840  of  5,000.    Elapsed: 0:01:56.
INFO:root:  Batch 2,880  of  5,000.    Elapsed: 0:01:58.
INFO:root:  Batch 2,920  of  5,000.    Elapsed: 0:01:59.
INFO:root:  Batch 2,960  of  5,000.    Elapsed: 0:02:01.
INFO:root:  Batch 3,000  of  5,000.    Elapsed: 0:02:03.
INFO:root:  Batch 3,040  of  5,000.    Elapsed: 0:02:04.
INFO:root:  Batch 3,080  of  5,000.    Elapsed: 0:02:06.
INFO:root:  Batch 3,120  of  5,000.    Elapsed: 0:02:07.
INFO:root:  Batch 3,160  of  5,000.    Elapsed: 0:02:09.
INFO:root:  Batch 3,200  of  5,000.    Elapsed: 0:02:11.
INFO:root:  Batch 3,240  of  5,000.    Elapsed: 0:02:12.
INFO:root:  Batch 3,280  of  5,000.    Elapsed: 0:02:14.
INFO:root:  Batch 3,320  of  5,000.    Elapsed: 0:02:16.
INFO:root:  Batch 3,360  of  5,000.    Elapsed: 0:02:17.
INFO:root:  Batch 3,400  of  5,000.    Elapsed: 0:02:19.
INFO:root:  Batch 3,440  of  5,000.    Elapsed: 0:02:20.
INFO:root:  Batch 3,480  of  5,000.    Elapsed: 0:02:22.
INFO:root:  Batch 3,520  of  5,000.    Elapsed: 0:02:24.
INFO:root:  Batch 3,560  of  5,000.    Elapsed: 0:02:25.
INFO:root:  Batch 3,600  of  5,000.    Elapsed: 0:02:27.
INFO:root:  Batch 3,640  of  5,000.    Elapsed: 0:02:28.
INFO:root:  Batch 3,680  of  5,000.    Elapsed: 0:02:30.
INFO:root:  Batch 3,720  of  5,000.    Elapsed: 0:02:32.
INFO:root:  Batch 3,760  of  5,000.    Elapsed: 0:02:33.
INFO:root:  Batch 3,800  of  5,000.    Elapsed: 0:02:35.
INFO:root:  Batch 3,840  of  5,000.    Elapsed: 0:02:36.
INFO:root:  Batch 3,880  of  5,000.    Elapsed: 0:02:38.
INFO:root:  Batch 3,920  of  5,000.    Elapsed: 0:02:40.
INFO:root:  Batch 3,960  of  5,000.    Elapsed: 0:02:41.
INFO:root:  Batch 4,000  of  5,000.    Elapsed: 0:02:43.
INFO:root:  Batch 4,040  of  5,000.    Elapsed: 0:02:45.
INFO:root:  Batch 4,080  of  5,000.    Elapsed: 0:02:46.
INFO:root:  Batch 4,120  of  5,000.    Elapsed: 0:02:48.
INFO:root:  Batch 4,160  of  5,000.    Elapsed: 0:02:49.
INFO:root:  Batch 4,200  of  5,000.    Elapsed: 0:02:51.
INFO:root:  Batch 4,240  of  5,000.    Elapsed: 0:02:53.
INFO:root:  Batch 4,280  of  5,000.    Elapsed: 0:02:54.
INFO:root:  Batch 4,320  of  5,000.    Elapsed: 0:02:56.
INFO:root:  Batch 4,360  of  5,000.    Elapsed: 0:02:57.
INFO:root:  Batch 4,400  of  5,000.    Elapsed: 0:02:59.
INFO:root:  Batch 4,440  of  5,000.    Elapsed: 0:03:01.
INFO:root:  Batch 4,480  of  5,000.    Elapsed: 0:03:02.
INFO:root:  Batch 4,520  of  5,000.    Elapsed: 0:03:04.
INFO:root:  Batch 4,560  of  5,000.    Elapsed: 0:03:05.
INFO:root:  Batch 4,600  of  5,000.    Elapsed: 0:03:07.
INFO:root:  Batch 4,640  of  5,000.    Elapsed: 0:03:09.
INFO:root:  Batch 4,680  of  5,000.    Elapsed: 0:03:10.
INFO:root:  Batch 4,720  of  5,000.    Elapsed: 0:03:12.
INFO:root:  Batch 4,760  of  5,000.    Elapsed: 0:03:14.
INFO:root:  Batch 4,800  of  5,000.    Elapsed: 0:03:15.
INFO:root:  Batch 4,840  of  5,000.    Elapsed: 0:03:17.
INFO:root:  Batch 4,880  of  5,000.    Elapsed: 0:03:18.
INFO:root:  Batch 4,920  of  5,000.    Elapsed: 0:03:20.
INFO:root:  Batch 4,960  of  5,000.    Elapsed: 0:03:22.
INFO:root:
INFO:root:  Average training loss: 0.39
INFO:root:  Training epcoh took: 0:03:23
INFO:root:
INFO:root:Running Validation...
INFO:root:  Accuracy: 0.91
INFO:root:  Validation took: 0:00:05
INFO:root:
INFO:root:Training complete!
INFO:root:batch size is 16
INFO:root:max embedding lengtth is 128
INFO:root:======== Epoch 1 / 4 ========
INFO:root:Training...
INFO:root:  Batch    40  of  5,000.    Elapsed: 0:00:05.
INFO:root:  Batch    80  of  5,000.    Elapsed: 0:00:10.
INFO:root:  Batch   120  of  5,000.    Elapsed: 0:00:15.
INFO:root:  Batch   160  of  5,000.    Elapsed: 0:00:20.
INFO:root:  Batch   200  of  5,000.    Elapsed: 0:00:25.
INFO:root:  Batch   240  of  5,000.    Elapsed: 0:00:30.
INFO:root:  Batch   280  of  5,000.    Elapsed: 0:00:35.
INFO:root:  Batch   320  of  5,000.    Elapsed: 0:00:40.
INFO:root:  Batch   360  of  5,000.    Elapsed: 0:00:45.
INFO:root:  Batch   400  of  5,000.    Elapsed: 0:00:50.
INFO:root:  Batch   440  of  5,000.    Elapsed: 0:00:55.
INFO:root:  Batch   480  of  5,000.    Elapsed: 0:01:00.
INFO:root:  Batch   520  of  5,000.    Elapsed: 0:01:05.
INFO:root:  Batch   560  of  5,000.    Elapsed: 0:01:10.
INFO:root:  Batch   600  of  5,000.    Elapsed: 0:01:15.
INFO:root:  Batch   640  of  5,000.    Elapsed: 0:01:20.
INFO:root:  Batch   680  of  5,000.    Elapsed: 0:01:25.
INFO:root:  Batch   720  of  5,000.    Elapsed: 0:01:30.
INFO:root:  Batch   760  of  5,000.    Elapsed: 0:01:35.
INFO:root:  Batch   800  of  5,000.    Elapsed: 0:01:39.
INFO:root:  Batch   840  of  5,000.    Elapsed: 0:01:44.
INFO:root:  Batch   880  of  5,000.    Elapsed: 0:01:50.
INFO:root:  Batch   920  of  5,000.    Elapsed: 0:01:55.
INFO:root:  Batch   960  of  5,000.    Elapsed: 0:02:00.
INFO:root:  Batch 1,000  of  5,000.    Elapsed: 0:02:05.
INFO:root:  Batch 1,040  of  5,000.    Elapsed: 0:02:10.
INFO:root:  Batch 1,080  of  5,000.    Elapsed: 0:02:15.
INFO:root:  Batch 1,120  of  5,000.    Elapsed: 0:02:20.
INFO:root:  Batch 1,160  of  5,000.    Elapsed: 0:02:25.
INFO:root:  Batch 1,200  of  5,000.    Elapsed: 0:02:30.
INFO:root:  Batch 1,240  of  5,000.    Elapsed: 0:02:35.
INFO:root:  Batch 1,280  of  5,000.    Elapsed: 0:02:40.
INFO:root:  Batch 1,320  of  5,000.    Elapsed: 0:02:45.
INFO:root:  Batch 1,360  of  5,000.    Elapsed: 0:02:50.
INFO:root:  Batch 1,400  of  5,000.    Elapsed: 0:02:55.
INFO:root:  Batch 1,440  of  5,000.    Elapsed: 0:03:00.
INFO:root:  Batch 1,480  of  5,000.    Elapsed: 0:03:05.
INFO:root:  Batch 1,520  of  5,000.    Elapsed: 0:03:10.
INFO:root:  Batch 1,560  of  5,000.    Elapsed: 0:03:15.
INFO:root:  Batch 1,600  of  5,000.    Elapsed: 0:03:20.
INFO:root:  Batch 1,640  of  5,000.    Elapsed: 0:03:24.
INFO:root:  Batch 1,680  of  5,000.    Elapsed: 0:03:29.
INFO:root:  Batch 1,720  of  5,000.    Elapsed: 0:03:34.
INFO:root:  Batch 1,760  of  5,000.    Elapsed: 0:03:39.
INFO:root:  Batch 1,800  of  5,000.    Elapsed: 0:03:44.
INFO:root:  Batch 1,840  of  5,000.    Elapsed: 0:03:49.
INFO:root:  Batch 1,880  of  5,000.    Elapsed: 0:03:54.
INFO:root:  Batch 1,920  of  5,000.    Elapsed: 0:03:59.
INFO:root:  Batch 1,960  of  5,000.    Elapsed: 0:04:04.
INFO:root:  Batch 2,000  of  5,000.    Elapsed: 0:04:09.
INFO:root:  Batch 2,040  of  5,000.    Elapsed: 0:04:14.
INFO:root:  Batch 2,080  of  5,000.    Elapsed: 0:04:20.
INFO:root:  Batch 2,120  of  5,000.    Elapsed: 0:04:25.
INFO:root:  Batch 2,160  of  5,000.    Elapsed: 0:04:30.
INFO:root:  Batch 2,200  of  5,000.    Elapsed: 0:04:35.
INFO:root:  Batch 2,240  of  5,000.    Elapsed: 0:04:40.
INFO:root:  Batch 2,280  of  5,000.    Elapsed: 0:04:45.
INFO:root:  Batch 2,320  of  5,000.    Elapsed: 0:04:50.
INFO:root:  Batch 2,360  of  5,000.    Elapsed: 0:04:55.
INFO:root:  Batch 2,400  of  5,000.    Elapsed: 0:05:00.
INFO:root:  Batch 2,440  of  5,000.    Elapsed: 0:05:05.
INFO:root:  Batch 2,480  of  5,000.    Elapsed: 0:05:10.
INFO:root:  Batch 2,520  of  5,000.    Elapsed: 0:05:15.
INFO:root:  Batch 2,560  of  5,000.    Elapsed: 0:05:19.
INFO:root:  Batch 2,600  of  5,000.    Elapsed: 0:05:24.
INFO:root:  Batch 2,640  of  5,000.    Elapsed: 0:05:29.
INFO:root:  Batch 2,680  of  5,000.    Elapsed: 0:05:34.
INFO:root:  Batch 2,720  of  5,000.    Elapsed: 0:05:39.
INFO:root:  Batch 2,760  of  5,000.    Elapsed: 0:05:44.
INFO:root:  Batch 2,800  of  5,000.    Elapsed: 0:05:49.
INFO:root:  Batch 2,840  of  5,000.    Elapsed: 0:05:54.
INFO:root:  Batch 2,880  of  5,000.    Elapsed: 0:05:59.
INFO:root:  Batch 2,920  of  5,000.    Elapsed: 0:06:04.
INFO:root:  Batch 2,960  of  5,000.    Elapsed: 0:06:09.
INFO:root:  Batch 3,000  of  5,000.    Elapsed: 0:06:14.
INFO:root:  Batch 3,040  of  5,000.    Elapsed: 0:06:19.
INFO:root:  Batch 3,080  of  5,000.    Elapsed: 0:06:24.
INFO:root:  Batch 3,120  of  5,000.    Elapsed: 0:06:29.
INFO:root:  Batch 3,160  of  5,000.    Elapsed: 0:06:34.
INFO:root:  Batch 3,200  of  5,000.    Elapsed: 0:06:39.
INFO:root:  Batch 3,240  of  5,000.    Elapsed: 0:06:44.
INFO:root:  Batch 3,280  of  5,000.    Elapsed: 0:06:49.
INFO:root:  Batch 3,320  of  5,000.    Elapsed: 0:06:54.
INFO:root:  Batch 3,360  of  5,000.    Elapsed: 0:06:59.
INFO:root:  Batch 3,400  of  5,000.    Elapsed: 0:07:04.
INFO:root:  Batch 3,440  of  5,000.    Elapsed: 0:07:09.
INFO:root:  Batch 3,480  of  5,000.    Elapsed: 0:07:13.
INFO:root:  Batch 3,520  of  5,000.    Elapsed: 0:07:19.
INFO:root:  Batch 3,560  of  5,000.    Elapsed: 0:07:24.
INFO:root:  Batch 3,600  of  5,000.    Elapsed: 0:07:29.
INFO:root:  Batch 3,640  of  5,000.    Elapsed: 0:07:34.
INFO:root:  Batch 3,680  of  5,000.    Elapsed: 0:07:39.
INFO:root:  Batch 3,720  of  5,000.    Elapsed: 0:07:44.
INFO:root:  Batch 3,760  of  5,000.    Elapsed: 0:07:49.
INFO:root:  Batch 3,800  of  5,000.    Elapsed: 0:07:54.
INFO:root:  Batch 3,840  of  5,000.    Elapsed: 0:07:59.
INFO:root:  Batch 3,880  of  5,000.    Elapsed: 0:08:04.
INFO:root:  Batch 3,920  of  5,000.    Elapsed: 0:08:09.
INFO:root:  Batch 3,960  of  5,000.    Elapsed: 0:08:14.
INFO:root:  Batch 4,000  of  5,000.    Elapsed: 0:08:19.
INFO:root:  Batch 4,040  of  5,000.    Elapsed: 0:08:24.
INFO:root:  Batch 4,080  of  5,000.    Elapsed: 0:08:29.
INFO:root:  Batch 4,120  of  5,000.    Elapsed: 0:08:34.
INFO:root:  Batch 4,160  of  5,000.    Elapsed: 0:08:39.
INFO:root:  Batch 4,200  of  5,000.    Elapsed: 0:08:44.
INFO:root:  Batch 4,240  of  5,000.    Elapsed: 0:08:49.
INFO:root:  Batch 4,280  of  5,000.    Elapsed: 0:08:54.
INFO:root:  Batch 4,320  of  5,000.    Elapsed: 0:08:59.
INFO:root:  Batch 4,360  of  5,000.    Elapsed: 0:09:04.
INFO:root:  Batch 4,400  of  5,000.    Elapsed: 0:09:09.
INFO:root:  Batch 4,440  of  5,000.    Elapsed: 0:09:14.
INFO:root:  Batch 4,480  of  5,000.    Elapsed: 0:09:19.
INFO:root:  Batch 4,520  of  5,000.    Elapsed: 0:09:24.
INFO:root:  Batch 4,560  of  5,000.    Elapsed: 0:09:29.
INFO:root:  Batch 4,600  of  5,000.    Elapsed: 0:09:34.
INFO:root:  Batch 4,640  of  5,000.    Elapsed: 0:09:39.
INFO:root:  Batch 4,680  of  5,000.    Elapsed: 0:09:44.
INFO:root:  Batch 4,720  of  5,000.    Elapsed: 0:09:49.
INFO:root:  Batch 4,760  of  5,000.    Elapsed: 0:09:54.
INFO:root:  Batch 4,800  of  5,000.    Elapsed: 0:09:59.
INFO:root:  Batch 4,840  of  5,000.    Elapsed: 0:10:04.
INFO:root:  Batch 4,880  of  5,000.    Elapsed: 0:10:09.
INFO:root:  Batch 4,920  of  5,000.    Elapsed: 0:10:14.
INFO:root:  Batch 4,960  of  5,000.    Elapsed: 0:10:19.
INFO:root:
INFO:root:  Average training loss: 0.10
INFO:root:  Training epcoh took: 0:10:24
INFO:root:
INFO:root:Running Validation...
INFO:root:  Accuracy: 0.97
INFO:root:  Validation took: 0:00:05
INFO:root:======== Epoch 2 / 4 ========
INFO:root:Training...
INFO:root:  Batch    40  of  5,000.    Elapsed: 0:00:05.
INFO:root:  Batch    80  of  5,000.    Elapsed: 0:00:10.
INFO:root:  Batch   120  of  5,000.    Elapsed: 0:00:15.
INFO:root:  Batch   160  of  5,000.    Elapsed: 0:00:20.
INFO:root:  Batch   200  of  5,000.    Elapsed: 0:00:25.
INFO:root:  Batch   240  of  5,000.    Elapsed: 0:00:30.
INFO:root:  Batch   280  of  5,000.    Elapsed: 0:00:35.
INFO:root:  Batch   320  of  5,000.    Elapsed: 0:00:40.
INFO:root:  Batch   360  of  5,000.    Elapsed: 0:00:45.
INFO:root:  Batch   400  of  5,000.    Elapsed: 0:00:50.
INFO:root:  Batch   440  of  5,000.    Elapsed: 0:00:55.
INFO:root:  Batch   480  of  5,000.    Elapsed: 0:01:00.
INFO:root:  Batch   520  of  5,000.    Elapsed: 0:01:05.
INFO:root:  Batch   560  of  5,000.    Elapsed: 0:01:10.
INFO:root:  Batch   600  of  5,000.    Elapsed: 0:01:15.
INFO:root:  Batch   640  of  5,000.    Elapsed: 0:01:20.
INFO:root:  Batch   680  of  5,000.    Elapsed: 0:01:24.
INFO:root:  Batch   720  of  5,000.    Elapsed: 0:01:29.
INFO:root:  Batch   760  of  5,000.    Elapsed: 0:01:34.
INFO:root:  Batch   800  of  5,000.    Elapsed: 0:01:39.
INFO:root:  Batch   840  of  5,000.    Elapsed: 0:01:44.
INFO:root:  Batch   880  of  5,000.    Elapsed: 0:01:49.
INFO:root:  Batch   920  of  5,000.    Elapsed: 0:01:54.
INFO:root:  Batch   960  of  5,000.    Elapsed: 0:01:59.
INFO:root:  Batch 1,000  of  5,000.    Elapsed: 0:02:04.
INFO:root:  Batch 1,040  of  5,000.    Elapsed: 0:02:09.
INFO:root:  Batch 1,080  of  5,000.    Elapsed: 0:02:14.
INFO:root:  Batch 1,120  of  5,000.    Elapsed: 0:02:19.
INFO:root:  Batch 1,160  of  5,000.    Elapsed: 0:02:24.
INFO:root:  Batch 1,200  of  5,000.    Elapsed: 0:02:29.
INFO:root:  Batch 1,240  of  5,000.    Elapsed: 0:02:34.
INFO:root:  Batch 1,280  of  5,000.    Elapsed: 0:02:39.
INFO:root:  Batch 1,320  of  5,000.    Elapsed: 0:02:44.
INFO:root:  Batch 1,360  of  5,000.    Elapsed: 0:02:49.
INFO:root:  Batch 1,400  of  5,000.    Elapsed: 0:02:54.
INFO:root:  Batch 1,440  of  5,000.    Elapsed: 0:02:59.
INFO:root:  Batch 1,480  of  5,000.    Elapsed: 0:03:04.
INFO:root:  Batch 1,520  of  5,000.    Elapsed: 0:03:09.
INFO:root:  Batch 1,560  of  5,000.    Elapsed: 0:03:14.
INFO:root:  Batch 1,600  of  5,000.    Elapsed: 0:03:19.
INFO:root:  Batch 1,640  of  5,000.    Elapsed: 0:03:24.
INFO:root:  Batch 1,680  of  5,000.    Elapsed: 0:03:29.
INFO:root:  Batch 1,720  of  5,000.    Elapsed: 0:03:34.
INFO:root:  Batch 1,760  of  5,000.    Elapsed: 0:03:39.
INFO:root:  Batch 1,800  of  5,000.    Elapsed: 0:03:44.
INFO:root:  Batch 1,840  of  5,000.    Elapsed: 0:03:49.
INFO:root:  Batch 1,880  of  5,000.    Elapsed: 0:03:54.
INFO:root:  Batch 1,920  of  5,000.    Elapsed: 0:03:59.
INFO:root:  Batch 1,960  of  5,000.    Elapsed: 0:04:04.
INFO:root:  Batch 2,000  of  5,000.    Elapsed: 0:04:09.
INFO:root:  Batch 2,040  of  5,000.    Elapsed: 0:04:14.
INFO:root:  Batch 2,080  of  5,000.    Elapsed: 0:04:19.
INFO:root:  Batch 2,120  of  5,000.    Elapsed: 0:04:24.
INFO:root:  Batch 2,160  of  5,000.    Elapsed: 0:04:29.
INFO:root:  Batch 2,200  of  5,000.    Elapsed: 0:04:34.
INFO:root:  Batch 2,240  of  5,000.    Elapsed: 0:04:39.
INFO:root:  Batch 2,280  of  5,000.    Elapsed: 0:04:44.
INFO:root:  Batch 2,320  of  5,000.    Elapsed: 0:04:49.
INFO:root:  Batch 2,360  of  5,000.    Elapsed: 0:04:54.
INFO:root:  Batch 2,400  of  5,000.    Elapsed: 0:04:59.
INFO:root:  Batch 2,440  of  5,000.    Elapsed: 0:05:04.
INFO:root:  Batch 2,480  of  5,000.    Elapsed: 0:05:09.
INFO:root:  Batch 2,520  of  5,000.    Elapsed: 0:05:14.
INFO:root:  Batch 2,560  of  5,000.    Elapsed: 0:05:19.
INFO:root:  Batch 2,600  of  5,000.    Elapsed: 0:05:24.
INFO:root:  Batch 2,640  of  5,000.    Elapsed: 0:05:29.
INFO:root:  Batch 2,680  of  5,000.    Elapsed: 0:05:34.
INFO:root:  Batch 2,720  of  5,000.    Elapsed: 0:05:39.
INFO:root:  Batch 2,760  of  5,000.    Elapsed: 0:05:44.
INFO:root:  Batch 2,800  of  5,000.    Elapsed: 0:05:48.
INFO:root:  Batch 2,840  of  5,000.    Elapsed: 0:05:53.
INFO:root:  Batch 2,880  of  5,000.    Elapsed: 0:05:58.
INFO:root:  Batch 2,920  of  5,000.    Elapsed: 0:06:03.
INFO:root:  Batch 2,960  of  5,000.    Elapsed: 0:06:08.
INFO:root:  Batch 3,000  of  5,000.    Elapsed: 0:06:13.
INFO:root:  Batch 3,040  of  5,000.    Elapsed: 0:06:19.
INFO:root:  Batch 3,080  of  5,000.    Elapsed: 0:06:24.
INFO:root:  Batch 3,120  of  5,000.    Elapsed: 0:06:29.
INFO:root:  Batch 3,160  of  5,000.    Elapsed: 0:06:33.
INFO:root:  Batch 3,200  of  5,000.    Elapsed: 0:06:38.
INFO:root:  Batch 3,240  of  5,000.    Elapsed: 0:06:43.
INFO:root:  Batch 3,280  of  5,000.    Elapsed: 0:06:48.
INFO:root:  Batch 3,320  of  5,000.    Elapsed: 0:06:53.
INFO:root:  Batch 3,360  of  5,000.    Elapsed: 0:06:58.
INFO:root:  Batch 3,400  of  5,000.    Elapsed: 0:07:03.
INFO:root:  Batch 3,440  of  5,000.    Elapsed: 0:07:08.
INFO:root:  Batch 3,480  of  5,000.    Elapsed: 0:07:13.
INFO:root:  Batch 3,520  of  5,000.    Elapsed: 0:07:18.
INFO:root:  Batch 3,560  of  5,000.    Elapsed: 0:07:23.
INFO:root:  Batch 3,600  of  5,000.    Elapsed: 0:07:28.
INFO:root:  Batch 3,640  of  5,000.    Elapsed: 0:07:33.
INFO:root:  Batch 3,680  of  5,000.    Elapsed: 0:07:38.
INFO:root:  Batch 3,720  of  5,000.    Elapsed: 0:07:43.
INFO:root:  Batch 3,760  of  5,000.    Elapsed: 0:07:48.
INFO:root:  Batch 3,800  of  5,000.    Elapsed: 0:07:53.
INFO:root:  Batch 3,840  of  5,000.    Elapsed: 0:07:58.
INFO:root:  Batch 3,880  of  5,000.    Elapsed: 0:08:03.
INFO:root:  Batch 3,920  of  5,000.    Elapsed: 0:08:08.
INFO:root:  Batch 3,960  of  5,000.    Elapsed: 0:08:13.
INFO:root:  Batch 4,000  of  5,000.    Elapsed: 0:08:18.
INFO:root:  Batch 4,040  of  5,000.    Elapsed: 0:08:23.
INFO:root:  Batch 4,080  of  5,000.    Elapsed: 0:08:28.
INFO:root:  Batch 4,120  of  5,000.    Elapsed: 0:08:33.
INFO:root:  Batch 4,160  of  5,000.    Elapsed: 0:08:38.
INFO:root:  Batch 4,200  of  5,000.    Elapsed: 0:08:43.
INFO:root:  Batch 4,240  of  5,000.    Elapsed: 0:08:48.
INFO:root:  Batch 4,280  of  5,000.    Elapsed: 0:08:53.
INFO:root:  Batch 4,320  of  5,000.    Elapsed: 0:08:58.
INFO:root:  Batch 4,360  of  5,000.    Elapsed: 0:09:03.
INFO:root:  Batch 4,400  of  5,000.    Elapsed: 0:09:08.
INFO:root:  Batch 4,440  of  5,000.    Elapsed: 0:09:13.
INFO:root:  Batch 4,480  of  5,000.    Elapsed: 0:09:18.
INFO:root:  Batch 4,520  of  5,000.    Elapsed: 0:09:23.
INFO:root:  Batch 4,560  of  5,000.    Elapsed: 0:09:28.
INFO:root:  Batch 4,600  of  5,000.    Elapsed: 0:09:32.
INFO:root:  Batch 4,640  of  5,000.    Elapsed: 0:09:37.
INFO:root:  Batch 4,680  of  5,000.    Elapsed: 0:09:42.
INFO:root:  Batch 4,720  of  5,000.    Elapsed: 0:09:47.
INFO:root:  Batch 4,760  of  5,000.    Elapsed: 0:09:52.
INFO:root:  Batch 4,800  of  5,000.    Elapsed: 0:09:57.
INFO:root:  Batch 4,840  of  5,000.    Elapsed: 0:10:02.
INFO:root:  Batch 4,880  of  5,000.    Elapsed: 0:10:07.
INFO:root:  Batch 4,920  of  5,000.    Elapsed: 0:10:12.
INFO:root:  Batch 4,960  of  5,000.    Elapsed: 0:10:17.
INFO:root:
INFO:root:  Average training loss: 0.05
INFO:root:  Training epcoh took: 0:10:22
INFO:root:
INFO:root:Running Validation...
INFO:root:  Accuracy: 0.98
INFO:root:  Validation took: 0:00:05
INFO:root:======== Epoch 3 / 4 ========
INFO:root:Training...
INFO:root:  Batch    40  of  5,000.    Elapsed: 0:00:05.
INFO:root:  Batch    80  of  5,000.    Elapsed: 0:00:10.
INFO:root:  Batch   120  of  5,000.    Elapsed: 0:00:15.
INFO:root:  Batch   160  of  5,000.    Elapsed: 0:00:20.
INFO:root:  Batch   200  of  5,000.    Elapsed: 0:00:25.
INFO:root:  Batch   240  of  5,000.    Elapsed: 0:00:30.
INFO:root:  Batch   280  of  5,000.    Elapsed: 0:00:36.
INFO:root:  Batch   320  of  5,000.    Elapsed: 0:00:41.
INFO:root:  Batch   360  of  5,000.    Elapsed: 0:00:46.
INFO:root:  Batch   400  of  5,000.    Elapsed: 0:00:51.
INFO:root:  Batch   440  of  5,000.    Elapsed: 0:00:56.
INFO:root:  Batch   480  of  5,000.    Elapsed: 0:01:01.
INFO:root:  Batch   520  of  5,000.    Elapsed: 0:01:06.
INFO:root:  Batch   560  of  5,000.    Elapsed: 0:01:11.
INFO:root:  Batch   600  of  5,000.    Elapsed: 0:01:16.
INFO:root:  Batch   640  of  5,000.    Elapsed: 0:01:21.
INFO:root:  Batch   680  of  5,000.    Elapsed: 0:01:26.
INFO:root:  Batch   720  of  5,000.    Elapsed: 0:01:31.
INFO:root:  Batch   760  of  5,000.    Elapsed: 0:01:36.
INFO:root:  Batch   800  of  5,000.    Elapsed: 0:01:41.
INFO:root:  Batch   840  of  5,000.    Elapsed: 0:01:46.
INFO:root:  Batch   880  of  5,000.    Elapsed: 0:01:51.
INFO:root:  Batch   920  of  5,000.    Elapsed: 0:01:56.
INFO:root:  Batch   960  of  5,000.    Elapsed: 0:02:01.
INFO:root:  Batch 1,000  of  5,000.    Elapsed: 0:02:06.
INFO:root:  Batch 1,040  of  5,000.    Elapsed: 0:02:10.
INFO:root:  Batch 1,080  of  5,000.    Elapsed: 0:02:15.
INFO:root:  Batch 1,120  of  5,000.    Elapsed: 0:02:20.
INFO:root:  Batch 1,160  of  5,000.    Elapsed: 0:02:25.
INFO:root:  Batch 1,200  of  5,000.    Elapsed: 0:02:30.
INFO:root:  Batch 1,240  of  5,000.    Elapsed: 0:02:35.
INFO:root:  Batch 1,280  of  5,000.    Elapsed: 0:02:40.
INFO:root:  Batch 1,320  of  5,000.    Elapsed: 0:02:45.
INFO:root:  Batch 1,360  of  5,000.    Elapsed: 0:02:50.
INFO:root:  Batch 1,400  of  5,000.    Elapsed: 0:02:55.
INFO:root:  Batch 1,440  of  5,000.    Elapsed: 0:03:00.
INFO:root:  Batch 1,480  of  5,000.    Elapsed: 0:03:05.
INFO:root:  Batch 1,520  of  5,000.    Elapsed: 0:03:10.
INFO:root:  Batch 1,560  of  5,000.    Elapsed: 0:03:15.
INFO:root:  Batch 1,600  of  5,000.    Elapsed: 0:03:20.
INFO:root:  Batch 1,640  of  5,000.    Elapsed: 0:03:25.
INFO:root:  Batch 1,680  of  5,000.    Elapsed: 0:03:30.
INFO:root:  Batch 1,720  of  5,000.    Elapsed: 0:03:35.
INFO:root:  Batch 1,760  of  5,000.    Elapsed: 0:03:40.
INFO:root:  Batch 1,800  of  5,000.    Elapsed: 0:03:45.
INFO:root:  Batch 1,840  of  5,000.    Elapsed: 0:03:49.
INFO:root:  Batch 1,880  of  5,000.    Elapsed: 0:03:54.
INFO:root:  Batch 1,920  of  5,000.    Elapsed: 0:03:59.
INFO:root:  Batch 1,960  of  5,000.    Elapsed: 0:04:04.
INFO:root:  Batch 2,000  of  5,000.    Elapsed: 0:04:09.
INFO:root:  Batch 2,040  of  5,000.    Elapsed: 0:04:14.
INFO:root:  Batch 2,080  of  5,000.    Elapsed: 0:04:19.
INFO:root:  Batch 2,120  of  5,000.    Elapsed: 0:04:24.
INFO:root:  Batch 2,160  of  5,000.    Elapsed: 0:04:29.
INFO:root:  Batch 2,200  of  5,000.    Elapsed: 0:04:34.
INFO:root:  Batch 2,240  of  5,000.    Elapsed: 0:04:39.
INFO:root:  Batch 2,280  of  5,000.    Elapsed: 0:04:44.
INFO:root:  Batch 2,320  of  5,000.    Elapsed: 0:04:49.
INFO:root:  Batch 2,360  of  5,000.    Elapsed: 0:04:54.
INFO:root:  Batch 2,400  of  5,000.    Elapsed: 0:04:59.
INFO:root:  Batch 2,440  of  5,000.    Elapsed: 0:05:03.
INFO:root:  Batch 2,480  of  5,000.    Elapsed: 0:05:08.
INFO:root:  Batch 2,520  of  5,000.    Elapsed: 0:05:13.
INFO:root:  Batch 2,560  of  5,000.    Elapsed: 0:05:18.
INFO:root:  Batch 2,600  of  5,000.    Elapsed: 0:05:23.
INFO:root:  Batch 2,640  of  5,000.    Elapsed: 0:05:28.
INFO:root:  Batch 2,680  of  5,000.    Elapsed: 0:05:33.
INFO:root:  Batch 2,720  of  5,000.    Elapsed: 0:05:38.
INFO:root:  Batch 2,760  of  5,000.    Elapsed: 0:05:43.
INFO:root:  Batch 2,800  of  5,000.    Elapsed: 0:05:48.
INFO:root:  Batch 2,840  of  5,000.    Elapsed: 0:05:53.
INFO:root:  Batch 2,880  of  5,000.    Elapsed: 0:05:58.
INFO:root:  Batch 2,920  of  5,000.    Elapsed: 0:06:03.
INFO:root:  Batch 2,960  of  5,000.    Elapsed: 0:06:08.
INFO:root:  Batch 3,000  of  5,000.    Elapsed: 0:06:13.
INFO:root:  Batch 3,040  of  5,000.    Elapsed: 0:06:18.
INFO:root:  Batch 3,080  of  5,000.    Elapsed: 0:06:23.
INFO:root:  Batch 3,120  of  5,000.    Elapsed: 0:06:28.
INFO:root:  Batch 3,160  of  5,000.    Elapsed: 0:06:32.
INFO:root:  Batch 3,200  of  5,000.    Elapsed: 0:06:37.
INFO:root:  Batch 3,240  of  5,000.    Elapsed: 0:06:42.
INFO:root:  Batch 3,280  of  5,000.    Elapsed: 0:06:47.
INFO:root:  Batch 3,320  of  5,000.    Elapsed: 0:06:52.
INFO:root:  Batch 3,360  of  5,000.    Elapsed: 0:06:57.
INFO:root:  Batch 3,400  of  5,000.    Elapsed: 0:07:02.
INFO:root:  Batch 3,440  of  5,000.    Elapsed: 0:07:07.
INFO:root:  Batch 3,480  of  5,000.    Elapsed: 0:07:12.
INFO:root:  Batch 3,520  of  5,000.    Elapsed: 0:07:17.
INFO:root:  Batch 3,560  of  5,000.    Elapsed: 0:07:22.
INFO:root:  Batch 3,600  of  5,000.    Elapsed: 0:07:27.
INFO:root:  Batch 3,640  of  5,000.    Elapsed: 0:07:32.
INFO:root:  Batch 3,680  of  5,000.    Elapsed: 0:07:37.
INFO:root:  Batch 3,720  of  5,000.    Elapsed: 0:07:42.
INFO:root:  Batch 3,760  of  5,000.    Elapsed: 0:07:47.
INFO:root:  Batch 3,800  of  5,000.    Elapsed: 0:07:52.
INFO:root:  Batch 3,840  of  5,000.    Elapsed: 0:07:57.
INFO:root:  Batch 3,880  of  5,000.    Elapsed: 0:08:02.
INFO:root:  Batch 3,920  of  5,000.    Elapsed: 0:08:07.
INFO:root:  Batch 3,960  of  5,000.    Elapsed: 0:08:12.
INFO:root:  Batch 4,000  of  5,000.    Elapsed: 0:08:17.
INFO:root:  Batch 4,040  of  5,000.    Elapsed: 0:08:22.
INFO:root:  Batch 4,080  of  5,000.    Elapsed: 0:08:27.
INFO:root:  Batch 4,120  of  5,000.    Elapsed: 0:08:32.
INFO:root:  Batch 4,160  of  5,000.    Elapsed: 0:08:37.
INFO:root:  Batch 4,200  of  5,000.    Elapsed: 0:08:42.
INFO:root:  Batch 4,240  of  5,000.    Elapsed: 0:08:47.
INFO:root:  Batch 4,280  of  5,000.    Elapsed: 0:08:51.
INFO:root:  Batch 4,320  of  5,000.    Elapsed: 0:08:56.
INFO:root:  Batch 4,360  of  5,000.    Elapsed: 0:09:01.
INFO:root:  Batch 4,400  of  5,000.    Elapsed: 0:09:06.
INFO:root:  Batch 4,440  of  5,000.    Elapsed: 0:09:11.
INFO:root:  Batch 4,480  of  5,000.    Elapsed: 0:09:16.
INFO:root:  Batch 4,520  of  5,000.    Elapsed: 0:09:21.
INFO:root:  Batch 4,560  of  5,000.    Elapsed: 0:09:26.
INFO:root:  Batch 4,600  of  5,000.    Elapsed: 0:09:31.
INFO:root:  Batch 4,640  of  5,000.    Elapsed: 0:09:36.
INFO:root:  Batch 4,680  of  5,000.    Elapsed: 0:09:41.
INFO:root:  Batch 4,720  of  5,000.    Elapsed: 0:09:46.
INFO:root:  Batch 4,760  of  5,000.    Elapsed: 0:09:51.
INFO:root:  Batch 4,800  of  5,000.    Elapsed: 0:09:56.
INFO:root:  Batch 4,840  of  5,000.    Elapsed: 0:10:01.
INFO:root:  Batch 4,880  of  5,000.    Elapsed: 0:10:06.
INFO:root:  Batch 4,920  of  5,000.    Elapsed: 0:10:11.
INFO:root:  Batch 4,960  of  5,000.    Elapsed: 0:10:16.
INFO:root:
INFO:root:  Average training loss: 0.03
INFO:root:  Training epcoh took: 0:10:21
INFO:root:
INFO:root:Running Validation...
INFO:root:  Accuracy: 0.98
INFO:root:  Validation took: 0:00:05
INFO:root:======== Epoch 4 / 4 ========
INFO:root:Training...
INFO:root:  Batch    40  of  5,000.    Elapsed: 0:00:05.
INFO:root:  Batch    80  of  5,000.    Elapsed: 0:00:10.
INFO:root:  Batch   120  of  5,000.    Elapsed: 0:00:15.
INFO:root:  Batch   160  of  5,000.    Elapsed: 0:00:20.
INFO:root:  Batch   200  of  5,000.    Elapsed: 0:00:25.
INFO:root:  Batch   240  of  5,000.    Elapsed: 0:00:30.
INFO:root:  Batch   280  of  5,000.    Elapsed: 0:00:35.
INFO:root:  Batch   320  of  5,000.    Elapsed: 0:00:40.
INFO:root:  Batch   360  of  5,000.    Elapsed: 0:00:45.
INFO:root:  Batch   400  of  5,000.    Elapsed: 0:00:50.
INFO:root:  Batch   440  of  5,000.    Elapsed: 0:00:55.
INFO:root:  Batch   480  of  5,000.    Elapsed: 0:01:00.
INFO:root:  Batch   520  of  5,000.    Elapsed: 0:01:05.
INFO:root:  Batch   560  of  5,000.    Elapsed: 0:01:10.
INFO:root:  Batch   600  of  5,000.    Elapsed: 0:01:15.
INFO:root:  Batch   640  of  5,000.    Elapsed: 0:01:20.
INFO:root:  Batch   680  of  5,000.    Elapsed: 0:01:25.
INFO:root:  Batch   720  of  5,000.    Elapsed: 0:01:29.
INFO:root:  Batch   760  of  5,000.    Elapsed: 0:01:34.
INFO:root:  Batch   800  of  5,000.    Elapsed: 0:01:39.
INFO:root:  Batch   840  of  5,000.    Elapsed: 0:01:44.
INFO:root:  Batch   880  of  5,000.    Elapsed: 0:01:49.
INFO:root:  Batch   920  of  5,000.    Elapsed: 0:01:54.
INFO:root:  Batch   960  of  5,000.    Elapsed: 0:01:59.
INFO:root:  Batch 1,000  of  5,000.    Elapsed: 0:02:04.
INFO:root:  Batch 1,040  of  5,000.    Elapsed: 0:02:09.
INFO:root:  Batch 1,080  of  5,000.    Elapsed: 0:02:14.
INFO:root:  Batch 1,120  of  5,000.    Elapsed: 0:02:19.
INFO:root:  Batch 1,160  of  5,000.    Elapsed: 0:02:24.
INFO:root:  Batch 1,200  of  5,000.    Elapsed: 0:02:29.
INFO:root:  Batch 1,240  of  5,000.    Elapsed: 0:02:34.
INFO:root:  Batch 1,280  of  5,000.    Elapsed: 0:02:38.
INFO:root:  Batch 1,320  of  5,000.    Elapsed: 0:02:43.
INFO:root:  Batch 1,360  of  5,000.    Elapsed: 0:02:48.
INFO:root:  Batch 1,400  of  5,000.    Elapsed: 0:02:53.
INFO:root:  Batch 1,440  of  5,000.    Elapsed: 0:02:59.
INFO:root:  Batch 1,480  of  5,000.    Elapsed: 0:03:04.
INFO:root:  Batch 1,520  of  5,000.    Elapsed: 0:03:09.
INFO:root:  Batch 1,560  of  5,000.    Elapsed: 0:03:14.
INFO:root:  Batch 1,600  of  5,000.    Elapsed: 0:03:19.
INFO:root:  Batch 1,640  of  5,000.    Elapsed: 0:03:25.
INFO:root:  Batch 1,680  of  5,000.    Elapsed: 0:03:30.
INFO:root:  Batch 1,720  of  5,000.    Elapsed: 0:03:35.
INFO:root:  Batch 1,760  of  5,000.    Elapsed: 0:03:40.
INFO:root:  Batch 1,800  of  5,000.    Elapsed: 0:03:45.
INFO:root:  Batch 1,840  of  5,000.    Elapsed: 0:03:50.
INFO:root:  Batch 1,880  of  5,000.    Elapsed: 0:03:55.
INFO:root:  Batch 1,920  of  5,000.    Elapsed: 0:04:00.
INFO:root:  Batch 1,960  of  5,000.    Elapsed: 0:04:05.
INFO:root:  Batch 2,000  of  5,000.    Elapsed: 0:04:10.
INFO:root:  Batch 2,040  of  5,000.    Elapsed: 0:04:14.
INFO:root:  Batch 2,080  of  5,000.    Elapsed: 0:04:19.
INFO:root:  Batch 2,120  of  5,000.    Elapsed: 0:04:24.
INFO:root:  Batch 2,160  of  5,000.    Elapsed: 0:04:29.
INFO:root:  Batch 2,200  of  5,000.    Elapsed: 0:04:34.
INFO:root:  Batch 2,240  of  5,000.    Elapsed: 0:04:39.
INFO:root:  Batch 2,280  of  5,000.    Elapsed: 0:04:44.
INFO:root:  Batch 2,320  of  5,000.    Elapsed: 0:04:49.
INFO:root:  Batch 2,360  of  5,000.    Elapsed: 0:04:54.
INFO:root:  Batch 2,400  of  5,000.    Elapsed: 0:04:59.
INFO:root:  Batch 2,440  of  5,000.    Elapsed: 0:05:04.
INFO:root:  Batch 2,480  of  5,000.    Elapsed: 0:05:09.
INFO:root:  Batch 2,520  of  5,000.    Elapsed: 0:05:14.
INFO:root:  Batch 2,560  of  5,000.    Elapsed: 0:05:19.
INFO:root:  Batch 2,600  of  5,000.    Elapsed: 0:05:24.
INFO:root:  Batch 2,640  of  5,000.    Elapsed: 0:05:29.
INFO:root:  Batch 2,680  of  5,000.    Elapsed: 0:05:34.
INFO:root:  Batch 2,720  of  5,000.    Elapsed: 0:05:39.
INFO:root:  Batch 2,760  of  5,000.    Elapsed: 0:05:44.
INFO:root:  Batch 2,800  of  5,000.    Elapsed: 0:05:49.
INFO:root:  Batch 2,840  of  5,000.    Elapsed: 0:05:53.
INFO:root:  Batch 2,880  of  5,000.    Elapsed: 0:05:58.
INFO:root:  Batch 2,920  of  5,000.    Elapsed: 0:06:03.
INFO:root:  Batch 2,960  of  5,000.    Elapsed: 0:06:08.
INFO:root:  Batch 3,000  of  5,000.    Elapsed: 0:06:13.
INFO:root:  Batch 3,040  of  5,000.    Elapsed: 0:06:18.
INFO:root:  Batch 3,080  of  5,000.    Elapsed: 0:06:23.
INFO:root:  Batch 3,120  of  5,000.    Elapsed: 0:06:28.
INFO:root:  Batch 3,160  of  5,000.    Elapsed: 0:06:33.
INFO:root:  Batch 3,200  of  5,000.    Elapsed: 0:06:38.
INFO:root:  Batch 3,240  of  5,000.    Elapsed: 0:06:43.
INFO:root:  Batch 3,280  of  5,000.    Elapsed: 0:06:48.
INFO:root:  Batch 3,320  of  5,000.    Elapsed: 0:06:53.
INFO:root:  Batch 3,360  of  5,000.    Elapsed: 0:06:58.
INFO:root:  Batch 3,400  of  5,000.    Elapsed: 0:07:03.
INFO:root:  Batch 3,440  of  5,000.    Elapsed: 0:07:08.
INFO:root:  Batch 3,480  of  5,000.    Elapsed: 0:07:12.
INFO:root:  Batch 3,520  of  5,000.    Elapsed: 0:07:17.
INFO:root:  Batch 3,560  of  5,000.    Elapsed: 0:07:22.
INFO:root:  Batch 3,600  of  5,000.    Elapsed: 0:07:27.
INFO:root:  Batch 3,640  of  5,000.    Elapsed: 0:07:32.
INFO:root:  Batch 3,680  of  5,000.    Elapsed: 0:07:37.
INFO:root:  Batch 3,720  of  5,000.    Elapsed: 0:07:42.
INFO:root:  Batch 3,760  of  5,000.    Elapsed: 0:07:47.
INFO:root:  Batch 3,800  of  5,000.    Elapsed: 0:07:52.
INFO:root:  Batch 3,840  of  5,000.    Elapsed: 0:07:57.
INFO:root:  Batch 3,880  of  5,000.    Elapsed: 0:08:02.
INFO:root:  Batch 3,920  of  5,000.    Elapsed: 0:08:07.
INFO:root:  Batch 3,960  of  5,000.    Elapsed: 0:08:12.
INFO:root:  Batch 4,000  of  5,000.    Elapsed: 0:08:17.
INFO:root:  Batch 4,040  of  5,000.    Elapsed: 0:08:22.
INFO:root:  Batch 4,080  of  5,000.    Elapsed: 0:08:27.
INFO:root:  Batch 4,120  of  5,000.    Elapsed: 0:08:32.
INFO:root:  Batch 4,160  of  5,000.    Elapsed: 0:08:37.
INFO:root:  Batch 4,200  of  5,000.    Elapsed: 0:08:42.
INFO:root:  Batch 4,240  of  5,000.    Elapsed: 0:08:47.
INFO:root:  Batch 4,280  of  5,000.    Elapsed: 0:08:52.
INFO:root:  Batch 4,320  of  5,000.    Elapsed: 0:08:57.
INFO:root:  Batch 4,360  of  5,000.    Elapsed: 0:09:01.
INFO:root:  Batch 4,400  of  5,000.    Elapsed: 0:09:06.
INFO:root:  Batch 4,440  of  5,000.    Elapsed: 0:09:11.
INFO:root:  Batch 4,480  of  5,000.    Elapsed: 0:09:16.
INFO:root:  Batch 4,520  of  5,000.    Elapsed: 0:09:21.
INFO:root:  Batch 4,560  of  5,000.    Elapsed: 0:09:26.
INFO:root:  Batch 4,600  of  5,000.    Elapsed: 0:09:31.
INFO:root:  Batch 4,640  of  5,000.    Elapsed: 0:09:36.
INFO:root:  Batch 4,680  of  5,000.    Elapsed: 0:09:41.
INFO:root:  Batch 4,720  of  5,000.    Elapsed: 0:09:46.
INFO:root:  Batch 4,760  of  5,000.    Elapsed: 0:09:51.
INFO:root:  Batch 4,800  of  5,000.    Elapsed: 0:09:56.
INFO:root:  Batch 4,840  of  5,000.    Elapsed: 0:10:01.
INFO:root:  Batch 4,880  of  5,000.    Elapsed: 0:10:06.
INFO:root:  Batch 4,920  of  5,000.    Elapsed: 0:10:11.
INFO:root:  Batch 4,960  of  5,000.    Elapsed: 0:10:16.
INFO:root:
INFO:root:  Average training loss: 0.02
INFO:root:  Training epcoh took: 0:10:21
INFO:root:
INFO:root:Running Validation...
INFO:root:  Accuracy: 0.98
INFO:root:  Validation took: 0:00:05
INFO:root:
INFO:root:Training complete!
INFO:matplotlib.font_manager:Generating new fontManager, this may take some time...
